2021-11-11 14:42:28.904  INFO 11940 --- [main] t.e.spring.EntrepriseServiceImplTest     : Starting EntrepriseServiceImplTest on DESKTOP-CUFOV26 with PID 11940 (started by YOSRI in C:\Users\YOSRI\Documents\GitHub\DevopsProject)
2021-11-11 14:42:28.933  INFO 11940 --- [main] t.e.spring.EntrepriseServiceImplTest     : No active profile set, falling back to default profiles: default
2021-11-11 14:42:33.024  INFO 19348 --- [main] t.e.spring.EntrepriseServiceImplTest     : Starting EntrepriseServiceImplTest on DESKTOP-CUFOV26 with PID 19348 (started by YOSRI in C:\Users\YOSRI\Documents\GitHub\DevopsProject)
2021-11-11 14:42:33.060  INFO 19348 --- [main] t.e.spring.EntrepriseServiceImplTest     : No active profile set, falling back to default profiles: default
2021-11-11 14:42:33.469  INFO 11940 --- [main] .s.d.r.c.RepositoryConfigurationDelegate : Bootstrapping Spring Data repositories in DEFAULT mode.
2021-11-11 14:42:36.475  INFO 11940 --- [main] .s.d.r.c.RepositoryConfigurationDelegate : Finished Spring Data repository scanning in 2976ms. Found 6 repository interfaces.
2021-11-11 14:42:43.893  INFO 11940 --- [main] trationDelegate$BeanPostProcessorChecker : Bean 'org.springframework.transaction.annotation.ProxyTransactionManagementConfiguration' of type [org.springframework.transaction.annotation.ProxyTransactionManagementConfiguration$$EnhancerBySpringCGLIB$$41611557] is not eligible for getting processed by all BeanPostProcessors (for example: not eligible for auto-proxying)
2021-11-11 14:42:44.037  INFO 19348 --- [main] .s.d.r.c.RepositoryConfigurationDelegate : Bootstrapping Spring Data repositories in DEFAULT mode.
2021-11-11 14:42:44.968  INFO 19348 --- [main] .s.d.r.c.RepositoryConfigurationDelegate : Finished Spring Data repository scanning in 858ms. Found 6 repository interfaces.
2021-11-11 14:42:46.294  INFO 11940 --- [main] com.zaxxer.hikari.HikariDataSource       : HikariPool-1 - Starting...
2021-11-11 14:42:47.723  INFO 19348 --- [main] trationDelegate$BeanPostProcessorChecker : Bean 'org.springframework.transaction.annotation.ProxyTransactionManagementConfiguration' of type [org.springframework.transaction.annotation.ProxyTransactionManagementConfiguration$$EnhancerBySpringCGLIB$$41611557] is not eligible for getting processed by all BeanPostProcessors (for example: not eligible for auto-proxying)
2021-11-11 14:42:49.756  INFO 19348 --- [main] com.zaxxer.hikari.HikariDataSource       : HikariPool-1 - Starting...
2021-11-11 14:42:53.174 ERROR 11940 --- [main] com.zaxxer.hikari.pool.HikariPool        : HikariPool-1 - Exception during pool initialization.

com.mysql.cj.jdbc.exceptions.CommunicationsException: Communications link failure

The last packet sent successfully to the server was 0 milliseconds ago. The driver has not received any packets from the server.
	at com.mysql.cj.jdbc.exceptions.SQLError.createCommunicationsException(SQLError.java:174) ~[mysql-connector-java-8.0.15.jar:8.0.15]
	at com.mysql.cj.jdbc.exceptions.SQLExceptionsMapping.translateException(SQLExceptionsMapping.java:64) ~[mysql-connector-java-8.0.15.jar:8.0.15]
	at com.mysql.cj.jdbc.ConnectionImpl.createNewIO(ConnectionImpl.java:835) ~[mysql-connector-java-8.0.15.jar:8.0.15]
	at com.mysql.cj.jdbc.ConnectionImpl.<init>(ConnectionImpl.java:455) ~[mysql-connector-java-8.0.15.jar:8.0.15]
	at com.mysql.cj.jdbc.ConnectionImpl.getInstance(ConnectionImpl.java:240) ~[mysql-connector-java-8.0.15.jar:8.0.15]
	at com.mysql.cj.jdbc.NonRegisteringDriver.connect(NonRegisteringDriver.java:199) ~[mysql-connector-java-8.0.15.jar:8.0.15]
	at com.zaxxer.hikari.util.DriverDataSource.getConnection(DriverDataSource.java:136) ~[HikariCP-3.2.0.jar:na]
	at com.zaxxer.hikari.pool.PoolBase.newConnection(PoolBase.java:369) ~[HikariCP-3.2.0.jar:na]
	at com.zaxxer.hikari.pool.PoolBase.newPoolEntry(PoolBase.java:198) ~[HikariCP-3.2.0.jar:na]
	at com.zaxxer.hikari.pool.HikariPool.createPoolEntry(HikariPool.java:467) [HikariCP-3.2.0.jar:na]
	at com.zaxxer.hikari.pool.HikariPool.checkFailFast(HikariPool.java:541) [HikariCP-3.2.0.jar:na]
	at com.zaxxer.hikari.pool.HikariPool.<init>(HikariPool.java:115) [HikariCP-3.2.0.jar:na]
	at com.zaxxer.hikari.HikariDataSource.getConnection(HikariDataSource.java:112) [HikariCP-3.2.0.jar:na]
	at org.springframework.jdbc.datasource.DataSourceUtils.fetchConnection(DataSourceUtils.java:157) [spring-jdbc-5.1.6.RELEASE.jar:5.1.6.RELEASE]
	at org.springframework.jdbc.datasource.DataSourceUtils.doGetConnection(DataSourceUtils.java:115) [spring-jdbc-5.1.6.RELEASE.jar:5.1.6.RELEASE]
	at org.springframework.jdbc.datasource.DataSourceUtils.getConnection(DataSourceUtils.java:78) [spring-jdbc-5.1.6.RELEASE.jar:5.1.6.RELEASE]
	at org.springframework.jdbc.support.JdbcUtils.extractDatabaseMetaData(JdbcUtils.java:319) [spring-jdbc-5.1.6.RELEASE.jar:5.1.6.RELEASE]
	at org.springframework.jdbc.support.JdbcUtils.extractDatabaseMetaData(JdbcUtils.java:356) [spring-jdbc-5.1.6.RELEASE.jar:5.1.6.RELEASE]
	at org.springframework.boot.autoconfigure.orm.jpa.DatabaseLookup.getDatabase(DatabaseLookup.java:73) [spring-boot-autoconfigure-2.1.4.RELEASE.jar:2.1.4.RELEASE]
	at org.springframework.boot.autoconfigure.orm.jpa.JpaProperties.determineDatabase(JpaProperties.java:142) [spring-boot-autoconfigure-2.1.4.RELEASE.jar:2.1.4.RELEASE]
	at org.springframework.boot.autoconfigure.orm.jpa.JpaBaseConfiguration.jpaVendorAdapter(JpaBaseConfiguration.java:113) [spring-boot-autoconfigure-2.1.4.RELEASE.jar:2.1.4.RELEASE]
	at org.springframework.boot.autoconfigure.orm.jpa.HibernateJpaConfiguration$$EnhancerBySpringCGLIB$$6037d7c6.CGLIB$jpaVendorAdapter$4(<generated>) [spring-boot-autoconfigure-2.1.4.RELEASE.jar:2.1.4.RELEASE]
	at org.springframework.boot.autoconfigure.orm.jpa.HibernateJpaConfiguration$$EnhancerBySpringCGLIB$$6037d7c6$$FastClassBySpringCGLIB$$ad462d13.invoke(<generated>) [spring-boot-autoconfigure-2.1.4.RELEASE.jar:2.1.4.RELEASE]
	at org.springframework.cglib.proxy.MethodProxy.invokeSuper(MethodProxy.java:244) [spring-core-5.1.6.RELEASE.jar:5.1.6.RELEASE]
	at org.springframework.context.annotation.ConfigurationClassEnhancer$BeanMethodInterceptor.intercept(ConfigurationClassEnhancer.java:363) [spring-context-5.1.6.RELEASE.jar:5.1.6.RELEASE]
	at org.springframework.boot.autoconfigure.orm.jpa.HibernateJpaConfiguration$$EnhancerBySpringCGLIB$$6037d7c6.jpaVendorAdapter(<generated>) [spring-boot-autoconfigure-2.1.4.RELEASE.jar:2.1.4.RELEASE]
	at sun.reflect.NativeMethodAccessorImpl.invoke0(Native Method) ~[na:1.8.0_60]
	at sun.reflect.NativeMethodAccessorImpl.invoke(NativeMethodAccessorImpl.java:62) ~[na:1.8.0_60]
	at sun.reflect.DelegatingMethodAccessorImpl.invoke(DelegatingMethodAccessorImpl.java:43) ~[na:1.8.0_60]
	at java.lang.reflect.Method.invoke(Method.java:497) ~[na:1.8.0_60]
	at org.springframework.beans.factory.support.SimpleInstantiationStrategy.instantiate(SimpleInstantiationStrategy.java:154) [spring-beans-5.1.6.RELEASE.jar:5.1.6.RELEASE]
	at org.springframework.beans.factory.support.ConstructorResolver.instantiate(ConstructorResolver.java:622) [spring-beans-5.1.6.RELEASE.jar:5.1.6.RELEASE]
	at org.springframework.beans.factory.support.ConstructorResolver.instantiateUsingFactoryMethod(ConstructorResolver.java:456) [spring-beans-5.1.6.RELEASE.jar:5.1.6.RELEASE]
	at org.springframework.beans.factory.support.AbstractAutowireCapableBeanFactory.instantiateUsingFactoryMethod(AbstractAutowireCapableBeanFactory.java:1321) [spring-beans-5.1.6.RELEASE.jar:5.1.6.RELEASE]
	at org.springframework.beans.factory.support.AbstractAutowireCapableBeanFactory.createBeanInstance(AbstractAutowireCapableBeanFactory.java:1160) [spring-beans-5.1.6.RELEASE.jar:5.1.6.RELEASE]
	at org.springframework.beans.factory.support.AbstractAutowireCapableBeanFactory.doCreateBean(AbstractAutowireCapableBeanFactory.java:555) [spring-beans-5.1.6.RELEASE.jar:5.1.6.RELEASE]
	at org.springframework.beans.factory.support.AbstractAutowireCapableBeanFactory.createBean(AbstractAutowireCapableBeanFactory.java:515) [spring-beans-5.1.6.RELEASE.jar:5.1.6.RELEASE]
	at org.springframework.beans.factory.support.AbstractBeanFactory.lambda$doGetBean$0(AbstractBeanFactory.java:320) [spring-beans-5.1.6.RELEASE.jar:5.1.6.RELEASE]
	at org.springframework.beans.factory.support.DefaultSingletonBeanRegistry.getSingleton(DefaultSingletonBeanRegistry.java:222) ~[spring-beans-5.1.6.RELEASE.jar:5.1.6.RELEASE]
	at org.springframework.beans.factory.support.AbstractBeanFactory.doGetBean(AbstractBeanFactory.java:318) [spring-beans-5.1.6.RELEASE.jar:5.1.6.RELEASE]
	at org.springframework.beans.factory.support.AbstractBeanFactory.getBean(AbstractBeanFactory.java:199) [spring-beans-5.1.6.RELEASE.jar:5.1.6.RELEASE]
	at org.springframework.beans.factory.config.DependencyDescriptor.resolveCandidate(DependencyDescriptor.java:277) ~[spring-beans-5.1.6.RELEASE.jar:5.1.6.RELEASE]
	at org.springframework.beans.factory.support.DefaultListableBeanFactory.doResolveDependency(DefaultListableBeanFactory.java:1247) ~[spring-beans-5.1.6.RELEASE.jar:5.1.6.RELEASE]
	at org.springframework.beans.factory.support.DefaultListableBeanFactory.resolveDependency(DefaultListableBeanFactory.java:1167) ~[spring-beans-5.1.6.RELEASE.jar:5.1.6.RELEASE]
	at org.springframework.beans.factory.support.ConstructorResolver.resolveAutowiredArgument(ConstructorResolver.java:857) [spring-beans-5.1.6.RELEASE.jar:5.1.6.RELEASE]
	at org.springframework.beans.factory.support.ConstructorResolver.createArgumentArray(ConstructorResolver.java:760) [spring-beans-5.1.6.RELEASE.jar:5.1.6.RELEASE]
	at org.springframework.beans.factory.support.ConstructorResolver.instantiateUsingFactoryMethod(ConstructorResolver.java:509) [spring-beans-5.1.6.RELEASE.jar:5.1.6.RELEASE]
	at org.springframework.beans.factory.support.AbstractAutowireCapableBeanFactory.instantiateUsingFactoryMethod(AbstractAutowireCapableBeanFactory.java:1321) [spring-beans-5.1.6.RELEASE.jar:5.1.6.RELEASE]
	at org.springframework.beans.factory.support.AbstractAutowireCapableBeanFactory.createBeanInstance(AbstractAutowireCapableBeanFactory.java:1160) [spring-beans-5.1.6.RELEASE.jar:5.1.6.RELEASE]
	at org.springframework.beans.factory.support.AbstractAutowireCapableBeanFactory.doCreateBean(AbstractAutowireCapableBeanFactory.java:555) [spring-beans-5.1.6.RELEASE.jar:5.1.6.RELEASE]
	at org.springframework.beans.factory.support.AbstractAutowireCapableBeanFactory.createBean(AbstractAutowireCapableBeanFactory.java:515) [spring-beans-5.1.6.RELEASE.jar:5.1.6.RELEASE]
	at org.springframework.beans.factory.support.AbstractBeanFactory.lambda$doGetBean$0(AbstractBeanFactory.java:320) [spring-beans-5.1.6.RELEASE.jar:5.1.6.RELEASE]
	at org.springframework.beans.factory.support.DefaultSingletonBeanRegistry.getSingleton(DefaultSingletonBeanRegistry.java:222) ~[spring-beans-5.1.6.RELEASE.jar:5.1.6.RELEASE]
	at org.springframework.beans.factory.support.AbstractBeanFactory.doGetBean(AbstractBeanFactory.java:318) [spring-beans-5.1.6.RELEASE.jar:5.1.6.RELEASE]
	at org.springframework.beans.factory.support.AbstractBeanFactory.getBean(AbstractBeanFactory.java:199) [spring-beans-5.1.6.RELEASE.jar:5.1.6.RELEASE]
	at org.springframework.beans.factory.config.DependencyDescriptor.resolveCandidate(DependencyDescriptor.java:277) ~[spring-beans-5.1.6.RELEASE.jar:5.1.6.RELEASE]
	at org.springframework.beans.factory.support.DefaultListableBeanFactory.doResolveDependency(DefaultListableBeanFactory.java:1247) ~[spring-beans-5.1.6.RELEASE.jar:5.1.6.RELEASE]
	at org.springframework.beans.factory.support.DefaultListableBeanFactory.resolveDependency(DefaultListableBeanFactory.java:1167) ~[spring-beans-5.1.6.RELEASE.jar:5.1.6.RELEASE]
	at org.springframework.beans.factory.support.ConstructorResolver.resolveAutowiredArgument(ConstructorResolver.java:857) [spring-beans-5.1.6.RELEASE.jar:5.1.6.RELEASE]
	at org.springframework.beans.factory.support.ConstructorResolver.createArgumentArray(ConstructorResolver.java:760) [spring-beans-5.1.6.RELEASE.jar:5.1.6.RELEASE]
	at org.springframework.beans.factory.support.ConstructorResolver.instantiateUsingFactoryMethod(ConstructorResolver.java:509) [spring-beans-5.1.6.RELEASE.jar:5.1.6.RELEASE]
	at org.springframework.beans.factory.support.AbstractAutowireCapableBeanFactory.instantiateUsingFactoryMethod(AbstractAutowireCapableBeanFactory.java:1321) [spring-beans-5.1.6.RELEASE.jar:5.1.6.RELEASE]
	at org.springframework.beans.factory.support.AbstractAutowireCapableBeanFactory.createBeanInstance(AbstractAutowireCapableBeanFactory.java:1160) [spring-beans-5.1.6.RELEASE.jar:5.1.6.RELEASE]
	at org.springframework.beans.factory.support.AbstractAutowireCapableBeanFactory.doCreateBean(AbstractAutowireCapableBeanFactory.java:555) [spring-beans-5.1.6.RELEASE.jar:5.1.6.RELEASE]
	at org.springframework.beans.factory.support.AbstractAutowireCapableBeanFactory.createBean(AbstractAutowireCapableBeanFactory.java:515) [spring-beans-5.1.6.RELEASE.jar:5.1.6.RELEASE]
	at org.springframework.beans.factory.support.AbstractBeanFactory.lambda$doGetBean$0(AbstractBeanFactory.java:320) [spring-beans-5.1.6.RELEASE.jar:5.1.6.RELEASE]
	at org.springframework.beans.factory.support.DefaultSingletonBeanRegistry.getSingleton(DefaultSingletonBeanRegistry.java:222) ~[spring-beans-5.1.6.RELEASE.jar:5.1.6.RELEASE]
	at org.springframework.beans.factory.support.AbstractBeanFactory.doGetBean(AbstractBeanFactory.java:318) [spring-beans-5.1.6.RELEASE.jar:5.1.6.RELEASE]
	at org.springframework.beans.factory.support.AbstractBeanFactory.getBean(AbstractBeanFactory.java:199) [spring-beans-5.1.6.RELEASE.jar:5.1.6.RELEASE]
	at org.springframework.context.support.AbstractApplicationContext.getBean(AbstractApplicationContext.java:1105) ~[spring-context-5.1.6.RELEASE.jar:5.1.6.RELEASE]
	at org.springframework.context.support.AbstractApplicationContext.finishBeanFactoryInitialization(AbstractApplicationContext.java:867) ~[spring-context-5.1.6.RELEASE.jar:5.1.6.RELEASE]
	at org.springframework.context.support.AbstractApplicationContext.refresh(AbstractApplicationContext.java:549) ~[spring-context-5.1.6.RELEASE.jar:5.1.6.RELEASE]
	at org.springframework.boot.SpringApplication.refresh(SpringApplication.java:775) ~[spring-boot-2.1.4.RELEASE.jar:2.1.4.RELEASE]
	at org.springframework.boot.SpringApplication.refreshContext(SpringApplication.java:397) ~[spring-boot-2.1.4.RELEASE.jar:2.1.4.RELEASE]
	at org.springframework.boot.SpringApplication.run(SpringApplication.java:316) ~[spring-boot-2.1.4.RELEASE.jar:2.1.4.RELEASE]
	at org.springframework.boot.test.context.SpringBootContextLoader.loadContext(SpringBootContextLoader.java:127) ~[spring-boot-test-2.1.4.RELEASE.jar:2.1.4.RELEASE]
	at org.springframework.test.context.cache.DefaultCacheAwareContextLoaderDelegate.loadContextInternal(DefaultCacheAwareContextLoaderDelegate.java:99) ~[spring-test-5.1.6.RELEASE.jar:5.1.6.RELEASE]
	at org.springframework.test.context.cache.DefaultCacheAwareContextLoaderDelegate.loadContext(DefaultCacheAwareContextLoaderDelegate.java:117) ~[spring-test-5.1.6.RELEASE.jar:5.1.6.RELEASE]
	at org.springframework.test.context.support.DefaultTestContext.getApplicationContext(DefaultTestContext.java:108) ~[spring-test-5.1.6.RELEASE.jar:5.1.6.RELEASE]
	at org.springframework.test.context.web.ServletTestExecutionListener.setUpRequestContextIfNecessary(ServletTestExecutionListener.java:190) ~[spring-test-5.1.6.RELEASE.jar:5.1.6.RELEASE]
	at org.springframework.test.context.web.ServletTestExecutionListener.prepareTestInstance(ServletTestExecutionListener.java:132) ~[spring-test-5.1.6.RELEASE.jar:5.1.6.RELEASE]
	at org.springframework.test.context.TestContextManager.prepareTestInstance(TestContextManager.java:246) ~[spring-test-5.1.6.RELEASE.jar:5.1.6.RELEASE]
	at org.springframework.test.context.junit4.SpringJUnit4ClassRunner.createTest(SpringJUnit4ClassRunner.java:227) ~[spring-test-5.1.6.RELEASE.jar:5.1.6.RELEASE]
	at org.springframework.test.context.junit4.SpringJUnit4ClassRunner$1.runReflectiveCall(SpringJUnit4ClassRunner.java:289) ~[spring-test-5.1.6.RELEASE.jar:5.1.6.RELEASE]
	at org.junit.internal.runners.model.ReflectiveCallable.run(ReflectiveCallable.java:12) ~[junit-4.12.jar:4.12]
	at org.springframework.test.context.junit4.SpringJUnit4ClassRunner.methodBlock(SpringJUnit4ClassRunner.java:291) ~[spring-test-5.1.6.RELEASE.jar:5.1.6.RELEASE]
	at org.springframework.test.context.junit4.SpringJUnit4ClassRunner.runChild(SpringJUnit4ClassRunner.java:246) ~[spring-test-5.1.6.RELEASE.jar:5.1.6.RELEASE]
	at org.springframework.test.context.junit4.SpringJUnit4ClassRunner.runChild(SpringJUnit4ClassRunner.java:97) ~[spring-test-5.1.6.RELEASE.jar:5.1.6.RELEASE]
	at org.junit.runners.ParentRunner$3.run(ParentRunner.java:290) ~[junit-4.12.jar:4.12]
	at org.junit.runners.ParentRunner$1.schedule(ParentRunner.java:71) ~[junit-4.12.jar:4.12]
	at org.junit.runners.ParentRunner.runChildren(ParentRunner.java:288) ~[junit-4.12.jar:4.12]
	at org.junit.runners.ParentRunner.access$000(ParentRunner.java:58) ~[junit-4.12.jar:4.12]
	at org.junit.runners.ParentRunner$2.evaluate(ParentRunner.java:268) ~[junit-4.12.jar:4.12]
	at org.springframework.test.context.junit4.statements.RunBeforeTestClassCallbacks.evaluate(RunBeforeTestClassCallbacks.java:61) ~[spring-test-5.1.6.RELEASE.jar:5.1.6.RELEASE]
	at org.springframework.test.context.junit4.statements.RunAfterTestClassCallbacks.evaluate(RunAfterTestClassCallbacks.java:70) ~[spring-test-5.1.6.RELEASE.jar:5.1.6.RELEASE]
	at org.junit.runners.ParentRunner.run(ParentRunner.java:363) ~[junit-4.12.jar:4.12]
	at org.springframework.test.context.junit4.SpringJUnit4ClassRunner.run(SpringJUnit4ClassRunner.java:190) ~[spring-test-5.1.6.RELEASE.jar:5.1.6.RELEASE]
	at org.eclipse.jdt.internal.junit4.runner.JUnit4TestReference.run(JUnit4TestReference.java:86) ~[.cp/:na]
	at org.eclipse.jdt.internal.junit.runner.TestExecution.run(TestExecution.java:38) ~[.cp/:na]
	at org.eclipse.jdt.internal.junit.runner.RemoteTestRunner.runTests(RemoteTestRunner.java:459) ~[.cp/:na]
	at org.eclipse.jdt.internal.junit.runner.RemoteTestRunner.runTests(RemoteTestRunner.java:678) ~[.cp/:na]
	at org.eclipse.jdt.internal.junit.runner.RemoteTestRunner.run(RemoteTestRunner.java:382) ~[.cp/:na]
	at org.eclipse.jdt.internal.junit.runner.RemoteTestRunner.main(RemoteTestRunner.java:192) ~[.cp/:na]
Caused by: com.mysql.cj.exceptions.CJCommunicationsException: Communications link failure

The last packet sent successfully to the server was 0 milliseconds ago. The driver has not received any packets from the server.
	at sun.reflect.NativeConstructorAccessorImpl.newInstance0(Native Method) ~[na:1.8.0_60]
	at sun.reflect.NativeConstructorAccessorImpl.newInstance(NativeConstructorAccessorImpl.java:62) ~[na:1.8.0_60]
	at sun.reflect.DelegatingConstructorAccessorImpl.newInstance(DelegatingConstructorAccessorImpl.java:45) ~[na:1.8.0_60]
	at java.lang.reflect.Constructor.newInstance(Constructor.java:422) ~[na:1.8.0_60]
	at com.mysql.cj.exceptions.ExceptionFactory.createException(ExceptionFactory.java:61) ~[mysql-connector-java-8.0.15.jar:8.0.15]
	at com.mysql.cj.exceptions.ExceptionFactory.createException(ExceptionFactory.java:105) ~[mysql-connector-java-8.0.15.jar:8.0.15]
	at com.mysql.cj.exceptions.ExceptionFactory.createException(ExceptionFactory.java:151) ~[mysql-connector-java-8.0.15.jar:8.0.15]
	at com.mysql.cj.exceptions.ExceptionFactory.createCommunicationsException(ExceptionFactory.java:167) ~[mysql-connector-java-8.0.15.jar:8.0.15]
	at com.mysql.cj.protocol.a.NativeSocketConnection.connect(NativeSocketConnection.java:91) ~[mysql-connector-java-8.0.15.jar:8.0.15]
	at com.mysql.cj.NativeSession.connect(NativeSession.java:152) ~[mysql-connector-java-8.0.15.jar:8.0.15]
	at com.mysql.cj.jdbc.ConnectionImpl.connectOneTryOnly(ConnectionImpl.java:955) ~[mysql-connector-java-8.0.15.jar:8.0.15]
	at com.mysql.cj.jdbc.ConnectionImpl.createNewIO(ConnectionImpl.java:825) ~[mysql-connector-java-8.0.15.jar:8.0.15]
	... 100 common frames omitted
Caused by: java.net.ConnectException: Connection refused: connect
	at java.net.DualStackPlainSocketImpl.waitForConnect(Native Method) ~[na:1.8.0_60]
	at java.net.DualStackPlainSocketImpl.socketConnect(DualStackPlainSocketImpl.java:85) ~[na:1.8.0_60]
	at java.net.AbstractPlainSocketImpl.doConnect(AbstractPlainSocketImpl.java:350) ~[na:1.8.0_60]
	at java.net.AbstractPlainSocketImpl.connectToAddress(AbstractPlainSocketImpl.java:206) ~[na:1.8.0_60]
	at java.net.AbstractPlainSocketImpl.connect(AbstractPlainSocketImpl.java:188) ~[na:1.8.0_60]
	at java.net.PlainSocketImpl.connect(PlainSocketImpl.java:172) ~[na:1.8.0_60]
	at java.net.SocksSocketImpl.connect(SocksSocketImpl.java:392) ~[na:1.8.0_60]
	at java.net.Socket.connect(Socket.java:589) ~[na:1.8.0_60]
	at com.mysql.cj.protocol.StandardSocketFactory.connect(StandardSocketFactory.java:155) ~[mysql-connector-java-8.0.15.jar:8.0.15]
	at com.mysql.cj.protocol.a.NativeSocketConnection.connect(NativeSocketConnection.java:65) ~[mysql-connector-java-8.0.15.jar:8.0.15]
	... 103 common frames omitted

2021-11-11 14:42:53.205  WARN 11940 --- [main] o.s.b.a.orm.jpa.DatabaseLookup           : Unable to determine jdbc url from datasource

org.springframework.jdbc.support.MetaDataAccessException: Could not get Connection for extracting meta-data; nested exception is org.springframework.jdbc.CannotGetJdbcConnectionException: Failed to obtain JDBC Connection; nested exception is com.mysql.cj.jdbc.exceptions.CommunicationsException: Communications link failure

The last packet sent successfully to the server was 0 milliseconds ago. The driver has not received any packets from the server.
	at org.springframework.jdbc.support.JdbcUtils.extractDatabaseMetaData(JdbcUtils.java:328) ~[spring-jdbc-5.1.6.RELEASE.jar:5.1.6.RELEASE]
	at org.springframework.jdbc.support.JdbcUtils.extractDatabaseMetaData(JdbcUtils.java:356) ~[spring-jdbc-5.1.6.RELEASE.jar:5.1.6.RELEASE]
	at org.springframework.boot.autoconfigure.orm.jpa.DatabaseLookup.getDatabase(DatabaseLookup.java:73) ~[spring-boot-autoconfigure-2.1.4.RELEASE.jar:2.1.4.RELEASE]
	at org.springframework.boot.autoconfigure.orm.jpa.JpaProperties.determineDatabase(JpaProperties.java:142) [spring-boot-autoconfigure-2.1.4.RELEASE.jar:2.1.4.RELEASE]
	at org.springframework.boot.autoconfigure.orm.jpa.JpaBaseConfiguration.jpaVendorAdapter(JpaBaseConfiguration.java:113) [spring-boot-autoconfigure-2.1.4.RELEASE.jar:2.1.4.RELEASE]
	at org.springframework.boot.autoconfigure.orm.jpa.HibernateJpaConfiguration$$EnhancerBySpringCGLIB$$6037d7c6.CGLIB$jpaVendorAdapter$4(<generated>) [spring-boot-autoconfigure-2.1.4.RELEASE.jar:2.1.4.RELEASE]
	at org.springframework.boot.autoconfigure.orm.jpa.HibernateJpaConfiguration$$EnhancerBySpringCGLIB$$6037d7c6$$FastClassBySpringCGLIB$$ad462d13.invoke(<generated>) [spring-boot-autoconfigure-2.1.4.RELEASE.jar:2.1.4.RELEASE]
	at org.springframework.cglib.proxy.MethodProxy.invokeSuper(MethodProxy.java:244) [spring-core-5.1.6.RELEASE.jar:5.1.6.RELEASE]
	at org.springframework.context.annotation.ConfigurationClassEnhancer$BeanMethodInterceptor.intercept(ConfigurationClassEnhancer.java:363) [spring-context-5.1.6.RELEASE.jar:5.1.6.RELEASE]
	at org.springframework.boot.autoconfigure.orm.jpa.HibernateJpaConfiguration$$EnhancerBySpringCGLIB$$6037d7c6.jpaVendorAdapter(<generated>) [spring-boot-autoconfigure-2.1.4.RELEASE.jar:2.1.4.RELEASE]
	at sun.reflect.NativeMethodAccessorImpl.invoke0(Native Method) ~[na:1.8.0_60]
	at sun.reflect.NativeMethodAccessorImpl.invoke(NativeMethodAccessorImpl.java:62) ~[na:1.8.0_60]
	at sun.reflect.DelegatingMethodAccessorImpl.invoke(DelegatingMethodAccessorImpl.java:43) ~[na:1.8.0_60]
	at java.lang.reflect.Method.invoke(Method.java:497) ~[na:1.8.0_60]
	at org.springframework.beans.factory.support.SimpleInstantiationStrategy.instantiate(SimpleInstantiationStrategy.java:154) [spring-beans-5.1.6.RELEASE.jar:5.1.6.RELEASE]
	at org.springframework.beans.factory.support.ConstructorResolver.instantiate(ConstructorResolver.java:622) [spring-beans-5.1.6.RELEASE.jar:5.1.6.RELEASE]
	at org.springframework.beans.factory.support.ConstructorResolver.instantiateUsingFactoryMethod(ConstructorResolver.java:456) [spring-beans-5.1.6.RELEASE.jar:5.1.6.RELEASE]
	at org.springframework.beans.factory.support.AbstractAutowireCapableBeanFactory.instantiateUsingFactoryMethod(AbstractAutowireCapableBeanFactory.java:1321) [spring-beans-5.1.6.RELEASE.jar:5.1.6.RELEASE]
	at org.springframework.beans.factory.support.AbstractAutowireCapableBeanFactory.createBeanInstance(AbstractAutowireCapableBeanFactory.java:1160) [spring-beans-5.1.6.RELEASE.jar:5.1.6.RELEASE]
	at org.springframework.beans.factory.support.AbstractAutowireCapableBeanFactory.doCreateBean(AbstractAutowireCapableBeanFactory.java:555) [spring-beans-5.1.6.RELEASE.jar:5.1.6.RELEASE]
	at org.springframework.beans.factory.support.AbstractAutowireCapableBeanFactory.createBean(AbstractAutowireCapableBeanFactory.java:515) [spring-beans-5.1.6.RELEASE.jar:5.1.6.RELEASE]
	at org.springframework.beans.factory.support.AbstractBeanFactory.lambda$doGetBean$0(AbstractBeanFactory.java:320) [spring-beans-5.1.6.RELEASE.jar:5.1.6.RELEASE]
	at org.springframework.beans.factory.support.DefaultSingletonBeanRegistry.getSingleton(DefaultSingletonBeanRegistry.java:222) ~[spring-beans-5.1.6.RELEASE.jar:5.1.6.RELEASE]
	at org.springframework.beans.factory.support.AbstractBeanFactory.doGetBean(AbstractBeanFactory.java:318) [spring-beans-5.1.6.RELEASE.jar:5.1.6.RELEASE]
	at org.springframework.beans.factory.support.AbstractBeanFactory.getBean(AbstractBeanFactory.java:199) [spring-beans-5.1.6.RELEASE.jar:5.1.6.RELEASE]
	at org.springframework.beans.factory.config.DependencyDescriptor.resolveCandidate(DependencyDescriptor.java:277) ~[spring-beans-5.1.6.RELEASE.jar:5.1.6.RELEASE]
	at org.springframework.beans.factory.support.DefaultListableBeanFactory.doResolveDependency(DefaultListableBeanFactory.java:1247) ~[spring-beans-5.1.6.RELEASE.jar:5.1.6.RELEASE]
	at org.springframework.beans.factory.support.DefaultListableBeanFactory.resolveDependency(DefaultListableBeanFactory.java:1167) ~[spring-beans-5.1.6.RELEASE.jar:5.1.6.RELEASE]
	at org.springframework.beans.factory.support.ConstructorResolver.resolveAutowiredArgument(ConstructorResolver.java:857) [spring-beans-5.1.6.RELEASE.jar:5.1.6.RELEASE]
	at org.springframework.beans.factory.support.ConstructorResolver.createArgumentArray(ConstructorResolver.java:760) [spring-beans-5.1.6.RELEASE.jar:5.1.6.RELEASE]
	at org.springframework.beans.factory.support.ConstructorResolver.instantiateUsingFactoryMethod(ConstructorResolver.java:509) [spring-beans-5.1.6.RELEASE.jar:5.1.6.RELEASE]
	at org.springframework.beans.factory.support.AbstractAutowireCapableBeanFactory.instantiateUsingFactoryMethod(AbstractAutowireCapableBeanFactory.java:1321) [spring-beans-5.1.6.RELEASE.jar:5.1.6.RELEASE]
	at org.springframework.beans.factory.support.AbstractAutowireCapableBeanFactory.createBeanInstance(AbstractAutowireCapableBeanFactory.java:1160) [spring-beans-5.1.6.RELEASE.jar:5.1.6.RELEASE]
	at org.springframework.beans.factory.support.AbstractAutowireCapableBeanFactory.doCreateBean(AbstractAutowireCapableBeanFactory.java:555) [spring-beans-5.1.6.RELEASE.jar:5.1.6.RELEASE]
	at org.springframework.beans.factory.support.AbstractAutowireCapableBeanFactory.createBean(AbstractAutowireCapableBeanFactory.java:515) [spring-beans-5.1.6.RELEASE.jar:5.1.6.RELEASE]
	at org.springframework.beans.factory.support.AbstractBeanFactory.lambda$doGetBean$0(AbstractBeanFactory.java:320) [spring-beans-5.1.6.RELEASE.jar:5.1.6.RELEASE]
	at org.springframework.beans.factory.support.DefaultSingletonBeanRegistry.getSingleton(DefaultSingletonBeanRegistry.java:222) ~[spring-beans-5.1.6.RELEASE.jar:5.1.6.RELEASE]
	at org.springframework.beans.factory.support.AbstractBeanFactory.doGetBean(AbstractBeanFactory.java:318) [spring-beans-5.1.6.RELEASE.jar:5.1.6.RELEASE]
	at org.springframework.beans.factory.support.AbstractBeanFactory.getBean(AbstractBeanFactory.java:199) [spring-beans-5.1.6.RELEASE.jar:5.1.6.RELEASE]
	at org.springframework.beans.factory.config.DependencyDescriptor.resolveCandidate(DependencyDescriptor.java:277) ~[spring-beans-5.1.6.RELEASE.jar:5.1.6.RELEASE]
	at org.springframework.beans.factory.support.DefaultListableBeanFactory.doResolveDependency(DefaultListableBeanFactory.java:1247) ~[spring-beans-5.1.6.RELEASE.jar:5.1.6.RELEASE]
	at org.springframework.beans.factory.support.DefaultListableBeanFactory.resolveDependency(DefaultListableBeanFactory.java:1167) ~[spring-beans-5.1.6.RELEASE.jar:5.1.6.RELEASE]
	at org.springframework.beans.factory.support.ConstructorResolver.resolveAutowiredArgument(ConstructorResolver.java:857) [spring-beans-5.1.6.RELEASE.jar:5.1.6.RELEASE]
	at org.springframework.beans.factory.support.ConstructorResolver.createArgumentArray(ConstructorResolver.java:760) [spring-beans-5.1.6.RELEASE.jar:5.1.6.RELEASE]
	at org.springframework.beans.factory.support.ConstructorResolver.instantiateUsingFactoryMethod(ConstructorResolver.java:509) [spring-beans-5.1.6.RELEASE.jar:5.1.6.RELEASE]
	at org.springframework.beans.factory.support.AbstractAutowireCapableBeanFactory.instantiateUsingFactoryMethod(AbstractAutowireCapableBeanFactory.java:1321) [spring-beans-5.1.6.RELEASE.jar:5.1.6.RELEASE]
	at org.springframework.beans.factory.support.AbstractAutowireCapableBeanFactory.createBeanInstance(AbstractAutowireCapableBeanFactory.java:1160) [spring-beans-5.1.6.RELEASE.jar:5.1.6.RELEASE]
	at org.springframework.beans.factory.support.AbstractAutowireCapableBeanFactory.doCreateBean(AbstractAutowireCapableBeanFactory.java:555) [spring-beans-5.1.6.RELEASE.jar:5.1.6.RELEASE]
	at org.springframework.beans.factory.support.AbstractAutowireCapableBeanFactory.createBean(AbstractAutowireCapableBeanFactory.java:515) [spring-beans-5.1.6.RELEASE.jar:5.1.6.RELEASE]
	at org.springframework.beans.factory.support.AbstractBeanFactory.lambda$doGetBean$0(AbstractBeanFactory.java:320) [spring-beans-5.1.6.RELEASE.jar:5.1.6.RELEASE]
	at org.springframework.beans.factory.support.DefaultSingletonBeanRegistry.getSingleton(DefaultSingletonBeanRegistry.java:222) ~[spring-beans-5.1.6.RELEASE.jar:5.1.6.RELEASE]
	at org.springframework.beans.factory.support.AbstractBeanFactory.doGetBean(AbstractBeanFactory.java:318) [spring-beans-5.1.6.RELEASE.jar:5.1.6.RELEASE]
	at org.springframework.beans.factory.support.AbstractBeanFactory.getBean(AbstractBeanFactory.java:199) [spring-beans-5.1.6.RELEASE.jar:5.1.6.RELEASE]
	at org.springframework.context.support.AbstractApplicationContext.getBean(AbstractApplicationContext.java:1105) ~[spring-context-5.1.6.RELEASE.jar:5.1.6.RELEASE]
	at org.springframework.context.support.AbstractApplicationContext.finishBeanFactoryInitialization(AbstractApplicationContext.java:867) ~[spring-context-5.1.6.RELEASE.jar:5.1.6.RELEASE]
	at org.springframework.context.support.AbstractApplicationContext.refresh(AbstractApplicationContext.java:549) ~[spring-context-5.1.6.RELEASE.jar:5.1.6.RELEASE]
	at org.springframework.boot.SpringApplication.refresh(SpringApplication.java:775) ~[spring-boot-2.1.4.RELEASE.jar:2.1.4.RELEASE]
	at org.springframework.boot.SpringApplication.refreshContext(SpringApplication.java:397) ~[spring-boot-2.1.4.RELEASE.jar:2.1.4.RELEASE]
	at org.springframework.boot.SpringApplication.run(SpringApplication.java:316) ~[spring-boot-2.1.4.RELEASE.jar:2.1.4.RELEASE]
	at org.springframework.boot.test.context.SpringBootContextLoader.loadContext(SpringBootContextLoader.java:127) ~[spring-boot-test-2.1.4.RELEASE.jar:2.1.4.RELEASE]
	at org.springframework.test.context.cache.DefaultCacheAwareContextLoaderDelegate.loadContextInternal(DefaultCacheAwareContextLoaderDelegate.java:99) ~[spring-test-5.1.6.RELEASE.jar:5.1.6.RELEASE]
	at org.springframework.test.context.cache.DefaultCacheAwareContextLoaderDelegate.loadContext(DefaultCacheAwareContextLoaderDelegate.java:117) ~[spring-test-5.1.6.RELEASE.jar:5.1.6.RELEASE]
	at org.springframework.test.context.support.DefaultTestContext.getApplicationContext(DefaultTestContext.java:108) ~[spring-test-5.1.6.RELEASE.jar:5.1.6.RELEASE]
	at org.springframework.test.context.web.ServletTestExecutionListener.setUpRequestContextIfNecessary(ServletTestExecutionListener.java:190) ~[spring-test-5.1.6.RELEASE.jar:5.1.6.RELEASE]
	at org.springframework.test.context.web.ServletTestExecutionListener.prepareTestInstance(ServletTestExecutionListener.java:132) ~[spring-test-5.1.6.RELEASE.jar:5.1.6.RELEASE]
	at org.springframework.test.context.TestContextManager.prepareTestInstance(TestContextManager.java:246) ~[spring-test-5.1.6.RELEASE.jar:5.1.6.RELEASE]
	at org.springframework.test.context.junit4.SpringJUnit4ClassRunner.createTest(SpringJUnit4ClassRunner.java:227) ~[spring-test-5.1.6.RELEASE.jar:5.1.6.RELEASE]
	at org.springframework.test.context.junit4.SpringJUnit4ClassRunner$1.runReflectiveCall(SpringJUnit4ClassRunner.java:289) ~[spring-test-5.1.6.RELEASE.jar:5.1.6.RELEASE]
	at org.junit.internal.runners.model.ReflectiveCallable.run(ReflectiveCallable.java:12) ~[junit-4.12.jar:4.12]
	at org.springframework.test.context.junit4.SpringJUnit4ClassRunner.methodBlock(SpringJUnit4ClassRunner.java:291) ~[spring-test-5.1.6.RELEASE.jar:5.1.6.RELEASE]
	at org.springframework.test.context.junit4.SpringJUnit4ClassRunner.runChild(SpringJUnit4ClassRunner.java:246) ~[spring-test-5.1.6.RELEASE.jar:5.1.6.RELEASE]
	at org.springframework.test.context.junit4.SpringJUnit4ClassRunner.runChild(SpringJUnit4ClassRunner.java:97) ~[spring-test-5.1.6.RELEASE.jar:5.1.6.RELEASE]
	at org.junit.runners.ParentRunner$3.run(ParentRunner.java:290) ~[junit-4.12.jar:4.12]
	at org.junit.runners.ParentRunner$1.schedule(ParentRunner.java:71) ~[junit-4.12.jar:4.12]
	at org.junit.runners.ParentRunner.runChildren(ParentRunner.java:288) ~[junit-4.12.jar:4.12]
	at org.junit.runners.ParentRunner.access$000(ParentRunner.java:58) ~[junit-4.12.jar:4.12]
	at org.junit.runners.ParentRunner$2.evaluate(ParentRunner.java:268) ~[junit-4.12.jar:4.12]
	at org.springframework.test.context.junit4.statements.RunBeforeTestClassCallbacks.evaluate(RunBeforeTestClassCallbacks.java:61) ~[spring-test-5.1.6.RELEASE.jar:5.1.6.RELEASE]
	at org.springframework.test.context.junit4.statements.RunAfterTestClassCallbacks.evaluate(RunAfterTestClassCallbacks.java:70) ~[spring-test-5.1.6.RELEASE.jar:5.1.6.RELEASE]
	at org.junit.runners.ParentRunner.run(ParentRunner.java:363) ~[junit-4.12.jar:4.12]
	at org.springframework.test.context.junit4.SpringJUnit4ClassRunner.run(SpringJUnit4ClassRunner.java:190) ~[spring-test-5.1.6.RELEASE.jar:5.1.6.RELEASE]
	at org.eclipse.jdt.internal.junit4.runner.JUnit4TestReference.run(JUnit4TestReference.java:86) ~[.cp/:na]
	at org.eclipse.jdt.internal.junit.runner.TestExecution.run(TestExecution.java:38) ~[.cp/:na]
	at org.eclipse.jdt.internal.junit.runner.RemoteTestRunner.runTests(RemoteTestRunner.java:459) ~[.cp/:na]
	at org.eclipse.jdt.internal.junit.runner.RemoteTestRunner.runTests(RemoteTestRunner.java:678) ~[.cp/:na]
	at org.eclipse.jdt.internal.junit.runner.RemoteTestRunner.run(RemoteTestRunner.java:382) ~[.cp/:na]
	at org.eclipse.jdt.internal.junit.runner.RemoteTestRunner.main(RemoteTestRunner.java:192) ~[.cp/:na]
Caused by: org.springframework.jdbc.CannotGetJdbcConnectionException: Failed to obtain JDBC Connection; nested exception is com.mysql.cj.jdbc.exceptions.CommunicationsException: Communications link failure

The last packet sent successfully to the server was 0 milliseconds ago. The driver has not received any packets from the server.
	at org.springframework.jdbc.datasource.DataSourceUtils.getConnection(DataSourceUtils.java:81) ~[spring-jdbc-5.1.6.RELEASE.jar:5.1.6.RELEASE]
	at org.springframework.jdbc.support.JdbcUtils.extractDatabaseMetaData(JdbcUtils.java:319) ~[spring-jdbc-5.1.6.RELEASE.jar:5.1.6.RELEASE]
	... 86 common frames omitted
Caused by: com.mysql.cj.jdbc.exceptions.CommunicationsException: Communications link failure

The last packet sent successfully to the server was 0 milliseconds ago. The driver has not received any packets from the server.
	at com.mysql.cj.jdbc.exceptions.SQLError.createCommunicationsException(SQLError.java:174) ~[mysql-connector-java-8.0.15.jar:8.0.15]
	at com.mysql.cj.jdbc.exceptions.SQLExceptionsMapping.translateException(SQLExceptionsMapping.java:64) ~[mysql-connector-java-8.0.15.jar:8.0.15]
	at com.mysql.cj.jdbc.ConnectionImpl.createNewIO(ConnectionImpl.java:835) ~[mysql-connector-java-8.0.15.jar:8.0.15]
	at com.mysql.cj.jdbc.ConnectionImpl.<init>(ConnectionImpl.java:455) ~[mysql-connector-java-8.0.15.jar:8.0.15]
	at com.mysql.cj.jdbc.ConnectionImpl.getInstance(ConnectionImpl.java:240) ~[mysql-connector-java-8.0.15.jar:8.0.15]
	at com.mysql.cj.jdbc.NonRegisteringDriver.connect(NonRegisteringDriver.java:199) ~[mysql-connector-java-8.0.15.jar:8.0.15]
	at com.zaxxer.hikari.util.DriverDataSource.getConnection(DriverDataSource.java:136) ~[HikariCP-3.2.0.jar:na]
	at com.zaxxer.hikari.pool.PoolBase.newConnection(PoolBase.java:369) ~[HikariCP-3.2.0.jar:na]
	at com.zaxxer.hikari.pool.PoolBase.newPoolEntry(PoolBase.java:198) ~[HikariCP-3.2.0.jar:na]
	at com.zaxxer.hikari.pool.HikariPool.createPoolEntry(HikariPool.java:467) ~[HikariCP-3.2.0.jar:na]
	at com.zaxxer.hikari.pool.HikariPool.checkFailFast(HikariPool.java:541) ~[HikariCP-3.2.0.jar:na]
	at com.zaxxer.hikari.pool.HikariPool.<init>(HikariPool.java:115) ~[HikariCP-3.2.0.jar:na]
	at com.zaxxer.hikari.HikariDataSource.getConnection(HikariDataSource.java:112) ~[HikariCP-3.2.0.jar:na]
	at org.springframework.jdbc.datasource.DataSourceUtils.fetchConnection(DataSourceUtils.java:157) ~[spring-jdbc-5.1.6.RELEASE.jar:5.1.6.RELEASE]
	at org.springframework.jdbc.datasource.DataSourceUtils.doGetConnection(DataSourceUtils.java:115) ~[spring-jdbc-5.1.6.RELEASE.jar:5.1.6.RELEASE]
	at org.springframework.jdbc.datasource.DataSourceUtils.getConnection(DataSourceUtils.java:78) ~[spring-jdbc-5.1.6.RELEASE.jar:5.1.6.RELEASE]
	... 87 common frames omitted
Caused by: com.mysql.cj.exceptions.CJCommunicationsException: Communications link failure

The last packet sent successfully to the server was 0 milliseconds ago. The driver has not received any packets from the server.
	at sun.reflect.NativeConstructorAccessorImpl.newInstance0(Native Method) ~[na:1.8.0_60]
	at sun.reflect.NativeConstructorAccessorImpl.newInstance(NativeConstructorAccessorImpl.java:62) ~[na:1.8.0_60]
	at sun.reflect.DelegatingConstructorAccessorImpl.newInstance(DelegatingConstructorAccessorImpl.java:45) ~[na:1.8.0_60]
	at java.lang.reflect.Constructor.newInstance(Constructor.java:422) ~[na:1.8.0_60]
	at com.mysql.cj.exceptions.ExceptionFactory.createException(ExceptionFactory.java:61) ~[mysql-connector-java-8.0.15.jar:8.0.15]
	at com.mysql.cj.exceptions.ExceptionFactory.createException(ExceptionFactory.java:105) ~[mysql-connector-java-8.0.15.jar:8.0.15]
	at com.mysql.cj.exceptions.ExceptionFactory.createException(ExceptionFactory.java:151) ~[mysql-connector-java-8.0.15.jar:8.0.15]
	at com.mysql.cj.exceptions.ExceptionFactory.createCommunicationsException(ExceptionFactory.java:167) ~[mysql-connector-java-8.0.15.jar:8.0.15]
	at com.mysql.cj.protocol.a.NativeSocketConnection.connect(NativeSocketConnection.java:91) ~[mysql-connector-java-8.0.15.jar:8.0.15]
	at com.mysql.cj.NativeSession.connect(NativeSession.java:152) ~[mysql-connector-java-8.0.15.jar:8.0.15]
	at com.mysql.cj.jdbc.ConnectionImpl.connectOneTryOnly(ConnectionImpl.java:955) ~[mysql-connector-java-8.0.15.jar:8.0.15]
	at com.mysql.cj.jdbc.ConnectionImpl.createNewIO(ConnectionImpl.java:825) ~[mysql-connector-java-8.0.15.jar:8.0.15]
	... 100 common frames omitted
Caused by: java.net.ConnectException: Connection refused: connect
	at java.net.DualStackPlainSocketImpl.waitForConnect(Native Method) ~[na:1.8.0_60]
	at java.net.DualStackPlainSocketImpl.socketConnect(DualStackPlainSocketImpl.java:85) ~[na:1.8.0_60]
	at java.net.AbstractPlainSocketImpl.doConnect(AbstractPlainSocketImpl.java:350) ~[na:1.8.0_60]
	at java.net.AbstractPlainSocketImpl.connectToAddress(AbstractPlainSocketImpl.java:206) ~[na:1.8.0_60]
	at java.net.AbstractPlainSocketImpl.connect(AbstractPlainSocketImpl.java:188) ~[na:1.8.0_60]
	at java.net.PlainSocketImpl.connect(PlainSocketImpl.java:172) ~[na:1.8.0_60]
	at java.net.SocksSocketImpl.connect(SocksSocketImpl.java:392) ~[na:1.8.0_60]
	at java.net.Socket.connect(Socket.java:589) ~[na:1.8.0_60]
	at com.mysql.cj.protocol.StandardSocketFactory.connect(StandardSocketFactory.java:155) ~[mysql-connector-java-8.0.15.jar:8.0.15]
	at com.mysql.cj.protocol.a.NativeSocketConnection.connect(NativeSocketConnection.java:65) ~[mysql-connector-java-8.0.15.jar:8.0.15]
	... 103 common frames omitted

2021-11-11 14:42:53.554  INFO 11940 --- [main] o.hibernate.jpa.internal.util.LogHelper  : HHH000204: Processing PersistenceUnitInfo [
	name: default
	...]
2021-11-11 14:42:53.755  INFO 19348 --- [main] com.zaxxer.hikari.HikariDataSource       : HikariPool-1 - Start completed.
2021-11-11 14:42:53.966  INFO 11940 --- [main] org.hibernate.Version                    : HHH000412: Hibernate Core {5.3.9.Final}
2021-11-11 14:42:53.970  INFO 11940 --- [main] org.hibernate.cfg.Environment            : HHH000206: hibernate.properties not found
2021-11-11 14:42:54.195  INFO 19348 --- [main] o.hibernate.jpa.internal.util.LogHelper  : HHH000204: Processing PersistenceUnitInfo [
	name: default
	...]
2021-11-11 14:42:54.540  INFO 19348 --- [main] org.hibernate.Version                    : HHH000412: Hibernate Core {5.3.9.Final}
2021-11-11 14:42:54.551  INFO 19348 --- [main] org.hibernate.cfg.Environment            : HHH000206: hibernate.properties not found
2021-11-11 14:42:54.665  INFO 11940 --- [main] o.hibernate.annotations.common.Version   : HCANN000001: Hibernate Commons Annotations {5.0.4.Final}
2021-11-11 14:42:55.340  INFO 19348 --- [main] o.hibernate.annotations.common.Version   : HCANN000001: Hibernate Commons Annotations {5.0.4.Final}
2021-11-11 14:42:56.255  INFO 11940 --- [main] com.zaxxer.hikari.HikariDataSource       : HikariPool-1 - Starting...
2021-11-11 14:42:56.525  INFO 11940 --- [main] com.zaxxer.hikari.HikariDataSource       : HikariPool-1 - Start completed.
2021-11-11 14:42:56.585  INFO 11940 --- [main] org.hibernate.dialect.Dialect            : HHH000400: Using dialect: org.hibernate.dialect.MySQL5Dialect
2021-11-11 14:42:56.919  INFO 19348 --- [main] org.hibernate.dialect.Dialect            : HHH000400: Using dialect: org.hibernate.dialect.MySQL5Dialect
2021-11-11 14:43:00.777  INFO 11940 --- [main] j.LocalContainerEntityManagerFactoryBean : Initialized JPA EntityManagerFactory for persistence unit 'default'
2021-11-11 14:43:00.884  INFO 19348 --- [main] j.LocalContainerEntityManagerFactoryBean : Initialized JPA EntityManagerFactory for persistence unit 'default'
2021-11-11 14:43:04.778  INFO 11940 --- [main] o.h.h.i.QueryTranslatorFactoryInitiator  : HHH000397: Using ASTQueryTranslatorFactory
2021-11-11 14:43:05.778  INFO 19348 --- [main] o.h.h.i.QueryTranslatorFactoryInitiator  : HHH000397: Using ASTQueryTranslatorFactory
2021-11-11 14:43:20.251  INFO 11940 --- [main] o.s.s.concurrent.ThreadPoolTaskExecutor  : Initializing ExecutorService 'applicationTaskExecutor'
2021-11-11 14:43:21.167  WARN 11940 --- [main] aWebConfiguration$JpaWebMvcConfiguration : spring.jpa.open-in-view is enabled by default. Therefore, database queries may be performed during view rendering. Explicitly configure spring.jpa.open-in-view to disable this warning
2021-11-11 14:43:22.943  INFO 19348 --- [main] o.s.s.concurrent.ThreadPoolTaskExecutor  : Initializing ExecutorService 'applicationTaskExecutor'
2021-11-11 14:43:24.518  WARN 19348 --- [main] aWebConfiguration$JpaWebMvcConfiguration : spring.jpa.open-in-view is enabled by default. Therefore, database queries may be performed during view rendering. Explicitly configure spring.jpa.open-in-view to disable this warning
2021-11-11 14:43:28.440  INFO 11940 --- [main] t.e.spring.EntrepriseServiceImplTest     : Started EntrepriseServiceImplTest in 60.966 seconds (JVM running for 68.609)
2021-11-11 14:43:29.205  INFO 11940 --- [main] tn.esprit.spring.config.LoggingAspect    : In method ajouterDepartement : 
2021-11-11 14:43:30.095  INFO 11940 --- [main] tn.esprit.spring.config.LoggingAspect    : Method execution time: 896 milliseconds.
2021-11-11 14:43:30.096  INFO 11940 --- [main] tn.esprit.spring.config.LoggingAspect    : Out of method  :ajouterDepartement
2021-11-11 14:43:30.243  INFO 11940 --- [main] t.e.spring.EntrepriseServiceImplTest     : Departement added successfully!
2021-11-11 14:43:30.256  INFO 11940 --- [main] tn.esprit.spring.config.LoggingAspect    : In method deleteDepartementById : 
2021-11-11 14:43:30.270  INFO 11940 --- [main] tn.esprit.spring.config.LoggingAspect    : Method execution time: 14 milliseconds.
2021-11-11 14:43:30.271  INFO 11940 --- [main] tn.esprit.spring.config.LoggingAspect    : Out of method  :deleteDepartementById
2021-11-11 14:43:30.319  INFO 19348 --- [main] t.e.spring.EntrepriseServiceImplTest     : Started EntrepriseServiceImplTest in 59.896 seconds (JVM running for 67.166)
2021-11-11 14:43:30.344  INFO 11940 --- [main] tn.esprit.spring.config.LoggingAspect    : In method ajouterEntreprise : 
2021-11-11 14:43:30.377  INFO 11940 --- [main] tn.esprit.spring.config.LoggingAspect    : Method execution time: 33 milliseconds.
2021-11-11 14:43:30.378  INFO 11940 --- [main] tn.esprit.spring.config.LoggingAspect    : Out of method  :ajouterEntreprise
2021-11-11 14:43:30.378  INFO 11940 --- [main] tn.esprit.spring.config.LoggingAspect    : In method ajouterDepartement : 
2021-11-11 14:43:30.496  INFO 11940 --- [main] tn.esprit.spring.config.LoggingAspect    : Method execution time: 118 milliseconds.
2021-11-11 14:43:30.496  INFO 11940 --- [main] tn.esprit.spring.config.LoggingAspect    : Out of method  :ajouterDepartement
2021-11-11 14:43:30.496  INFO 11940 --- [main] tn.esprit.spring.config.LoggingAspect    : In method ajouterDepartement : 
2021-11-11 14:43:30.505  INFO 11940 --- [main] tn.esprit.spring.config.LoggingAspect    : Method execution time: 9 milliseconds.
2021-11-11 14:43:30.506  INFO 11940 --- [main] tn.esprit.spring.config.LoggingAspect    : Out of method  :ajouterDepartement
2021-11-11 14:43:30.506  INFO 11940 --- [main] tn.esprit.spring.config.LoggingAspect    : In method affecterDepartementAEntreprise : 
2021-11-11 14:43:30.770  INFO 11940 --- [main] tn.esprit.spring.config.LoggingAspect    : Method execution time: 264 milliseconds.
2021-11-11 14:43:30.770  INFO 11940 --- [main] tn.esprit.spring.config.LoggingAspect    : Out of method  :affecterDepartementAEntreprise
2021-11-11 14:43:30.770  INFO 11940 --- [main] tn.esprit.spring.config.LoggingAspect    : In method affecterDepartementAEntreprise : 
2021-11-11 14:43:30.814  INFO 11940 --- [main] tn.esprit.spring.config.LoggingAspect    : Method execution time: 44 milliseconds.
2021-11-11 14:43:30.814  INFO 11940 --- [main] tn.esprit.spring.config.LoggingAspect    : Out of method  :affecterDepartementAEntreprise
2021-11-11 14:43:30.815  INFO 11940 --- [main] tn.esprit.spring.config.LoggingAspect    : In method getAllDepartementsNamesByEntreprise : 
2021-11-11 14:43:30.821  INFO 19348 --- [main] tn.esprit.spring.config.LoggingAspect    : In method ajouterDepartement : 
2021-11-11 14:43:30.836  INFO 11940 --- [main] tn.esprit.spring.config.LoggingAspect    : Method execution time: 21 milliseconds.
2021-11-11 14:43:30.837  INFO 11940 --- [main] tn.esprit.spring.config.LoggingAspect    : Out of method  :getAllDepartementsNamesByEntreprise
2021-11-11 14:43:31.026  INFO 11940 --- [main] tn.esprit.spring.config.LoggingAspect    : In method deleteDepartementById : 
2021-11-11 14:43:31.038  INFO 11940 --- [main] tn.esprit.spring.config.LoggingAspect    : Method execution time: 12 milliseconds.
2021-11-11 14:43:31.038  INFO 11940 --- [main] tn.esprit.spring.config.LoggingAspect    : Out of method  :deleteDepartementById
2021-11-11 14:43:31.046  INFO 11940 --- [main] tn.esprit.spring.config.LoggingAspect    : In method deleteDepartementById : 
2021-11-11 14:43:31.046  INFO 19348 --- [main] tn.esprit.spring.config.LoggingAspect    : Method execution time: 231 milliseconds.
2021-11-11 14:43:31.047  INFO 19348 --- [main] tn.esprit.spring.config.LoggingAspect    : Out of method  :ajouterDepartement
2021-11-11 14:43:31.054  INFO 11940 --- [main] tn.esprit.spring.config.LoggingAspect    : Method execution time: 8 milliseconds.
2021-11-11 14:43:31.055  INFO 11940 --- [main] tn.esprit.spring.config.LoggingAspect    : Out of method  :deleteDepartementById
2021-11-11 14:43:31.059  INFO 11940 --- [main] tn.esprit.spring.config.LoggingAspect    : In method deleteEntrepriseById : 
2021-11-11 14:43:31.065  INFO 11940 --- [main] tn.esprit.spring.config.LoggingAspect    : Method execution time: 6 milliseconds.
2021-11-11 14:43:31.065  INFO 11940 --- [main] tn.esprit.spring.config.LoggingAspect    : Out of method  :deleteEntrepriseById
2021-11-11 14:43:31.082  INFO 11940 --- [main] tn.esprit.spring.config.LoggingAspect    : In method ajouterEntreprise : 
2021-11-11 14:43:31.088  INFO 11940 --- [main] tn.esprit.spring.config.LoggingAspect    : Method execution time: 6 milliseconds.
2021-11-11 14:43:31.088  INFO 11940 --- [main] tn.esprit.spring.config.LoggingAspect    : Out of method  :ajouterEntreprise
2021-11-11 14:43:31.106  INFO 11940 --- [main] tn.esprit.spring.config.LoggingAspect    : In method deleteEntrepriseById : 
2021-11-11 14:43:31.118  INFO 11940 --- [main] tn.esprit.spring.config.LoggingAspect    : Method execution time: 12 milliseconds.
2021-11-11 14:43:31.119  INFO 11940 --- [main] tn.esprit.spring.config.LoggingAspect    : Out of method  :deleteEntrepriseById
2021-11-11 14:43:31.132  INFO 19348 --- [main] t.e.spring.EntrepriseServiceImplTest     : Departement added successfully!
2021-11-11 14:43:31.133  INFO 19348 --- [main] tn.esprit.spring.config.LoggingAspect    : In method deleteDepartementById : 
2021-11-11 14:43:31.144  INFO 19348 --- [main] tn.esprit.spring.config.LoggingAspect    : Method execution time: 11 milliseconds.
2021-11-11 14:43:31.144  INFO 19348 --- [main] tn.esprit.spring.config.LoggingAspect    : Out of method  :deleteDepartementById
2021-11-11 14:43:31.160  INFO 11940 --- [main] tn.esprit.spring.config.LoggingAspect    : In method ajouterEntreprise : 
2021-11-11 14:43:31.168  INFO 11940 --- [main] tn.esprit.spring.config.LoggingAspect    : Method execution time: 8 milliseconds.
2021-11-11 14:43:31.168  INFO 11940 --- [main] tn.esprit.spring.config.LoggingAspect    : Out of method  :ajouterEntreprise
2021-11-11 14:43:31.168  INFO 11940 --- [main] tn.esprit.spring.config.LoggingAspect    : In method getEntrepriseById : 
2021-11-11 14:43:31.186  INFO 19348 --- [main] tn.esprit.spring.config.LoggingAspect    : In method ajouterEntreprise : 
2021-11-11 14:43:31.194  INFO 11940 --- [main] tn.esprit.spring.config.LoggingAspect    : Method execution time: 26 milliseconds.
2021-11-11 14:43:31.195  INFO 11940 --- [main] tn.esprit.spring.config.LoggingAspect    : Out of method  :getEntrepriseById
2021-11-11 14:43:31.195  INFO 11940 --- [main] t.e.spring.EntrepriseServiceImplTest     : Entreprise  geted successfully!
2021-11-11 14:43:31.198  INFO 11940 --- [main] tn.esprit.spring.config.LoggingAspect    : In method deleteEntrepriseById : 
2021-11-11 14:43:31.203  INFO 19348 --- [main] tn.esprit.spring.config.LoggingAspect    : Method execution time: 17 milliseconds.
2021-11-11 14:43:31.203  INFO 19348 --- [main] tn.esprit.spring.config.LoggingAspect    : Out of method  :ajouterEntreprise
2021-11-11 14:43:31.204  INFO 19348 --- [main] tn.esprit.spring.config.LoggingAspect    : In method ajouterDepartement : 
2021-11-11 14:43:31.226  INFO 19348 --- [main] tn.esprit.spring.config.LoggingAspect    : Method execution time: 22 milliseconds.
2021-11-11 14:43:31.227  INFO 19348 --- [main] tn.esprit.spring.config.LoggingAspect    : Out of method  :ajouterDepartement
2021-11-11 14:43:31.227  INFO 19348 --- [main] tn.esprit.spring.config.LoggingAspect    : In method ajouterDepartement : 
2021-11-11 14:43:31.233  INFO 11940 --- [main] tn.esprit.spring.config.LoggingAspect    : Method execution time: 36 milliseconds.
2021-11-11 14:43:31.234  INFO 11940 --- [main] tn.esprit.spring.config.LoggingAspect    : Out of method  :deleteEntrepriseById
2021-11-11 14:43:31.249  INFO 11940 --- [main] tn.esprit.spring.config.LoggingAspect    : In method ajouterEntreprise : 
2021-11-11 14:43:31.266  INFO 11940 --- [main] tn.esprit.spring.config.LoggingAspect    : Method execution time: 17 milliseconds.
2021-11-11 14:43:31.266  INFO 11940 --- [main] tn.esprit.spring.config.LoggingAspect    : Out of method  :ajouterEntreprise
2021-11-11 14:43:31.266  INFO 11940 --- [main] tn.esprit.spring.config.LoggingAspect    : In method ajouterDepartement : 
2021-11-11 14:43:31.422  INFO 11940 --- [main] tn.esprit.spring.config.LoggingAspect    : Method execution time: 156 milliseconds.
2021-11-11 14:43:31.422  INFO 11940 --- [main] tn.esprit.spring.config.LoggingAspect    : Out of method  :ajouterDepartement
2021-11-11 14:43:31.422  INFO 11940 --- [main] t.e.spring.EntrepriseServiceImplTest     : Departement added successfully to Entreprise 
2021-11-11 14:43:31.422  INFO 11940 --- [main] tn.esprit.spring.config.LoggingAspect    : In method affecterDepartementAEntreprise : 
2021-11-11 14:43:31.432  INFO 19348 --- [main] tn.esprit.spring.config.LoggingAspect    : Method execution time: 205 milliseconds.
2021-11-11 14:43:31.432  INFO 19348 --- [main] tn.esprit.spring.config.LoggingAspect    : Out of method  :ajouterDepartement
2021-11-11 14:43:31.433  INFO 19348 --- [main] tn.esprit.spring.config.LoggingAspect    : In method affecterDepartementAEntreprise : 
2021-11-11 14:43:31.602  INFO 19348 --- [main] tn.esprit.spring.config.LoggingAspect    : Method execution time: 169 milliseconds.
2021-11-11 14:43:31.603  INFO 19348 --- [main] tn.esprit.spring.config.LoggingAspect    : Out of method  :affecterDepartementAEntreprise
2021-11-11 14:43:31.603  INFO 19348 --- [main] tn.esprit.spring.config.LoggingAspect    : In method affecterDepartementAEntreprise : 
2021-11-11 14:43:31.652  INFO 19348 --- [main] tn.esprit.spring.config.LoggingAspect    : Method execution time: 49 milliseconds.
2021-11-11 14:43:31.652  INFO 19348 --- [main] tn.esprit.spring.config.LoggingAspect    : Out of method  :affecterDepartementAEntreprise
2021-11-11 14:43:31.652  INFO 19348 --- [main] tn.esprit.spring.config.LoggingAspect    : In method getAllDepartementsNamesByEntreprise : 
2021-11-11 14:43:31.665  INFO 19348 --- [main] tn.esprit.spring.config.LoggingAspect    : Method execution time: 13 milliseconds.
2021-11-11 14:43:31.665  INFO 19348 --- [main] tn.esprit.spring.config.LoggingAspect    : Out of method  :getAllDepartementsNamesByEntreprise
2021-11-11 14:43:31.689  INFO 11940 --- [main] tn.esprit.spring.config.LoggingAspect    : Method execution time: 267 milliseconds.
2021-11-11 14:43:31.690  INFO 11940 --- [main] tn.esprit.spring.config.LoggingAspect    : Out of method  :affecterDepartementAEntreprise
2021-11-11 14:43:31.691  INFO 11940 --- [main] tn.esprit.spring.config.LoggingAspect    : In method getAllDepartementsNamesByEntreprise : 
2021-11-11 14:43:31.758  INFO 11940 --- [main] tn.esprit.spring.config.LoggingAspect    : Method execution time: 67 milliseconds.
2021-11-11 14:43:31.758  INFO 11940 --- [main] tn.esprit.spring.config.LoggingAspect    : Out of method  :getAllDepartementsNamesByEntreprise
2021-11-11 14:43:31.844  INFO 11940 --- [main] tn.esprit.spring.config.LoggingAspect    : In method deleteDepartementById : 
2021-11-11 14:43:31.884  INFO 11940 --- [main] tn.esprit.spring.config.LoggingAspect    : Method execution time: 40 milliseconds.
2021-11-11 14:43:31.884  INFO 11940 --- [main] tn.esprit.spring.config.LoggingAspect    : Out of method  :deleteDepartementById
2021-11-11 14:43:31.891  INFO 11940 --- [main] tn.esprit.spring.config.LoggingAspect    : In method deleteEntrepriseById : 
2021-11-11 14:43:31.896  INFO 11940 --- [main] tn.esprit.spring.config.LoggingAspect    : Method execution time: 5 milliseconds.
2021-11-11 14:43:31.896  INFO 11940 --- [main] tn.esprit.spring.config.LoggingAspect    : Out of method  :deleteEntrepriseById
2021-11-11 14:43:31.925  INFO 11940 --- [main] tn.esprit.spring.config.LoggingAspect    : In method ajouterDepartement : 
2021-11-11 14:43:31.989  INFO 11940 --- [main] tn.esprit.spring.config.LoggingAspect    : Method execution time: 64 milliseconds.
2021-11-11 14:43:31.990  INFO 11940 --- [main] tn.esprit.spring.config.LoggingAspect    : Out of method  :ajouterDepartement
2021-11-11 14:43:32.033  INFO 11940 --- [main] tn.esprit.spring.config.LoggingAspect    : In method deleteDepartementById : 
2021-11-11 14:43:32.036  INFO 11940 --- [main] tn.esprit.spring.config.LoggingAspect    : Method execution time: 3 milliseconds.
2021-11-11 14:43:32.037  INFO 11940 --- [main] tn.esprit.spring.config.LoggingAspect    : Out of method  :deleteDepartementById
2021-11-11 14:43:32.049  INFO 19348 --- [main] tn.esprit.spring.config.LoggingAspect    : In method ajouterEntreprise : 
2021-11-11 14:43:32.057  INFO 19348 --- [main] tn.esprit.spring.config.LoggingAspect    : Method execution time: 8 milliseconds.
2021-11-11 14:43:32.058  INFO 19348 --- [main] tn.esprit.spring.config.LoggingAspect    : Out of method  :ajouterEntreprise
2021-11-11 14:43:32.069  INFO 19348 --- [main] tn.esprit.spring.config.LoggingAspect    : In method deleteEntrepriseById : 
2021-11-11 14:43:32.070  INFO 11940 --- [main] tn.esprit.spring.config.LoggingAspect    : In method ajouterEntreprise : 
2021-11-11 14:43:32.076  INFO 19348 --- [main] tn.esprit.spring.config.LoggingAspect    : Method execution time: 7 milliseconds.
2021-11-11 14:43:32.078  INFO 19348 --- [main] tn.esprit.spring.config.LoggingAspect    : Out of method  :deleteEntrepriseById
2021-11-11 14:43:32.082  INFO 11940 --- [main] tn.esprit.spring.config.LoggingAspect    : Method execution time: 12 milliseconds.
2021-11-11 14:43:32.083  INFO 11940 --- [main] tn.esprit.spring.config.LoggingAspect    : Out of method  :ajouterEntreprise
2021-11-11 14:43:32.097  INFO 19348 --- [main] tn.esprit.spring.config.LoggingAspect    : In method ajouterEntreprise : 
2021-11-11 14:43:32.103  INFO 11940 --- [main] t.e.spring.EntrepriseServiceImplTest     : Entreprise added successfully!
2021-11-11 14:43:32.105  INFO 11940 --- [main] tn.esprit.spring.config.LoggingAspect    : In method deleteEntrepriseById : 
2021-11-11 14:43:32.113  INFO 11940 --- [main] tn.esprit.spring.config.LoggingAspect    : Method execution time: 8 milliseconds.
2021-11-11 14:43:32.113  INFO 11940 --- [main] tn.esprit.spring.config.LoggingAspect    : Out of method  :deleteEntrepriseById
2021-11-11 14:43:32.120  INFO 19348 --- [main] tn.esprit.spring.config.LoggingAspect    : Method execution time: 23 milliseconds.
2021-11-11 14:43:32.120  INFO 19348 --- [main] tn.esprit.spring.config.LoggingAspect    : Out of method  :ajouterEntreprise
2021-11-11 14:43:32.124  INFO 19348 --- [main] tn.esprit.spring.config.LoggingAspect    : In method getEntrepriseById : 
2021-11-11 14:43:32.154  INFO 11940 --- [Thread-2] o.s.s.concurrent.ThreadPoolTaskExecutor  : Shutting down ExecutorService 'applicationTaskExecutor'
2021-11-11 14:43:32.163  INFO 11940 --- [Thread-2] j.LocalContainerEntityManagerFactoryBean : Closing JPA EntityManagerFactory for persistence unit 'default'
2021-11-11 14:43:32.167  INFO 11940 --- [Thread-2] com.zaxxer.hikari.HikariDataSource       : HikariPool-1 - Shutdown initiated...
2021-11-11 14:43:32.186  INFO 11940 --- [Thread-2] com.zaxxer.hikari.HikariDataSource       : HikariPool-1 - Shutdown completed.
2021-11-11 14:43:32.219  INFO 19348 --- [main] tn.esprit.spring.config.LoggingAspect    : Method execution time: 94 milliseconds.
2021-11-11 14:43:32.219  INFO 19348 --- [main] tn.esprit.spring.config.LoggingAspect    : Out of method  :getEntrepriseById
2021-11-11 14:43:32.219  INFO 19348 --- [main] t.e.spring.EntrepriseServiceImplTest     : Entreprise  geted successfully!
2021-11-11 14:43:32.229  INFO 19348 --- [main] tn.esprit.spring.config.LoggingAspect    : In method deleteEntrepriseById : 
2021-11-11 14:43:32.259  INFO 19348 --- [main] tn.esprit.spring.config.LoggingAspect    : Method execution time: 31 milliseconds.
2021-11-11 14:43:32.260  INFO 19348 --- [main] tn.esprit.spring.config.LoggingAspect    : Out of method  :deleteEntrepriseById
2021-11-11 14:43:32.348  INFO 19348 --- [main] tn.esprit.spring.config.LoggingAspect    : In method ajouterEntreprise : 
2021-11-11 14:43:32.458  INFO 19348 --- [main] tn.esprit.spring.config.LoggingAspect    : Method execution time: 110 milliseconds.
2021-11-11 14:43:32.459  INFO 19348 --- [main] tn.esprit.spring.config.LoggingAspect    : Out of method  :ajouterEntreprise
2021-11-11 14:43:32.459  INFO 19348 --- [main] tn.esprit.spring.config.LoggingAspect    : In method ajouterDepartement : 
2021-11-11 14:43:32.469  INFO 19348 --- [main] tn.esprit.spring.config.LoggingAspect    : Method execution time: 10 milliseconds.
2021-11-11 14:43:32.470  INFO 19348 --- [main] tn.esprit.spring.config.LoggingAspect    : Out of method  :ajouterDepartement
2021-11-11 14:43:32.470  INFO 19348 --- [main] t.e.spring.EntrepriseServiceImplTest     : Departement added successfully to Entreprise 
2021-11-11 14:43:32.471  INFO 19348 --- [main] tn.esprit.spring.config.LoggingAspect    : In method affecterDepartementAEntreprise : 
2021-11-11 14:43:32.505  INFO 19348 --- [main] tn.esprit.spring.config.LoggingAspect    : Method execution time: 35 milliseconds.
2021-11-11 14:43:32.506  INFO 19348 --- [main] tn.esprit.spring.config.LoggingAspect    : Out of method  :affecterDepartementAEntreprise
2021-11-11 14:43:32.507  INFO 19348 --- [main] tn.esprit.spring.config.LoggingAspect    : In method getAllDepartementsNamesByEntreprise : 
2021-11-11 14:43:32.538  INFO 19348 --- [main] tn.esprit.spring.config.LoggingAspect    : Method execution time: 31 milliseconds.
2021-11-11 14:43:32.538  INFO 19348 --- [main] tn.esprit.spring.config.LoggingAspect    : Out of method  :getAllDepartementsNamesByEntreprise
2021-11-11 14:43:32.546  INFO 19348 --- [main] tn.esprit.spring.config.LoggingAspect    : In method deleteDepartementById : 
2021-11-11 14:43:32.561  INFO 19348 --- [main] tn.esprit.spring.config.LoggingAspect    : Method execution time: 15 milliseconds.
2021-11-11 14:43:32.561  INFO 19348 --- [main] tn.esprit.spring.config.LoggingAspect    : Out of method  :deleteDepartementById
2021-11-11 14:43:32.569  INFO 19348 --- [main] tn.esprit.spring.config.LoggingAspect    : In method deleteEntrepriseById : 
2021-11-11 14:43:32.582  INFO 19348 --- [main] tn.esprit.spring.config.LoggingAspect    : Method execution time: 12 milliseconds.
2021-11-11 14:43:32.582  INFO 19348 --- [main] tn.esprit.spring.config.LoggingAspect    : Out of method  :deleteEntrepriseById
2021-11-11 14:43:32.616  INFO 19348 --- [main] tn.esprit.spring.config.LoggingAspect    : In method ajouterDepartement : 
2021-11-11 14:43:32.629  INFO 19348 --- [main] tn.esprit.spring.config.LoggingAspect    : Method execution time: 13 milliseconds.
2021-11-11 14:43:32.630  INFO 19348 --- [main] tn.esprit.spring.config.LoggingAspect    : Out of method  :ajouterDepartement
2021-11-11 14:43:32.696  INFO 19348 --- [main] tn.esprit.spring.config.LoggingAspect    : In method deleteDepartementById : 
2021-11-11 14:43:32.702  INFO 19348 --- [main] tn.esprit.spring.config.LoggingAspect    : Method execution time: 6 milliseconds.
2021-11-11 14:43:32.702  INFO 19348 --- [main] tn.esprit.spring.config.LoggingAspect    : Out of method  :deleteDepartementById
2021-11-11 14:43:32.727  INFO 19348 --- [main] tn.esprit.spring.config.LoggingAspect    : In method ajouterEntreprise : 
2021-11-11 14:43:32.742  INFO 19348 --- [main] tn.esprit.spring.config.LoggingAspect    : Method execution time: 15 milliseconds.
2021-11-11 14:43:32.742  INFO 19348 --- [main] tn.esprit.spring.config.LoggingAspect    : Out of method  :ajouterEntreprise
2021-11-11 14:43:32.760  INFO 19348 --- [main] t.e.spring.EntrepriseServiceImplTest     : Entreprise added successfully!
2021-11-11 14:43:32.765  INFO 19348 --- [main] tn.esprit.spring.config.LoggingAspect    : In method deleteEntrepriseById : 
2021-11-11 14:43:32.770  INFO 19348 --- [main] tn.esprit.spring.config.LoggingAspect    : Method execution time: 5 milliseconds.
2021-11-11 14:43:32.771  INFO 19348 --- [main] tn.esprit.spring.config.LoggingAspect    : Out of method  :deleteEntrepriseById
2021-11-11 14:43:32.812  INFO 19348 --- [Thread-2] o.s.s.concurrent.ThreadPoolTaskExecutor  : Shutting down ExecutorService 'applicationTaskExecutor'
2021-11-11 14:43:32.819  INFO 19348 --- [Thread-2] j.LocalContainerEntityManagerFactoryBean : Closing JPA EntityManagerFactory for persistence unit 'default'
2021-11-11 14:43:32.826  INFO 19348 --- [Thread-2] com.zaxxer.hikari.HikariDataSource       : HikariPool-1 - Shutdown initiated...
2021-11-11 14:43:32.843  INFO 19348 --- [Thread-2] com.zaxxer.hikari.HikariDataSource       : HikariPool-1 - Shutdown completed.
2021-11-11 14:45:42.439  INFO 11100 --- [main] t.e.spring.EntrepriseServiceImplTest     : Starting EntrepriseServiceImplTest on DESKTOP-CUFOV26 with PID 11100 (started by YOSRI in C:\Users\YOSRI\Documents\GitHub\DevopsProject)
2021-11-11 14:45:42.445  INFO 11100 --- [main] t.e.spring.EntrepriseServiceImplTest     : No active profile set, falling back to default profiles: default
2021-11-11 14:45:44.182  INFO 11100 --- [main] .s.d.r.c.RepositoryConfigurationDelegate : Bootstrapping Spring Data repositories in DEFAULT mode.
2021-11-11 14:45:44.383  INFO 11100 --- [main] .s.d.r.c.RepositoryConfigurationDelegate : Finished Spring Data repository scanning in 185ms. Found 6 repository interfaces.
2021-11-11 14:45:45.347  INFO 11100 --- [main] trationDelegate$BeanPostProcessorChecker : Bean 'org.springframework.transaction.annotation.ProxyTransactionManagementConfiguration' of type [org.springframework.transaction.annotation.ProxyTransactionManagementConfiguration$$EnhancerBySpringCGLIB$$997d1c14] is not eligible for getting processed by all BeanPostProcessors (for example: not eligible for auto-proxying)
2021-11-11 14:45:46.223  INFO 11100 --- [main] com.zaxxer.hikari.HikariDataSource       : HikariPool-1 - Starting...
2021-11-11 14:45:46.632  INFO 11100 --- [main] com.zaxxer.hikari.HikariDataSource       : HikariPool-1 - Start completed.
2021-11-11 14:45:46.848  INFO 11100 --- [main] o.hibernate.jpa.internal.util.LogHelper  : HHH000204: Processing PersistenceUnitInfo [
	name: default
	...]
2021-11-11 14:45:46.960  INFO 11100 --- [main] org.hibernate.Version                    : HHH000412: Hibernate Core {5.3.9.Final}
2021-11-11 14:45:46.963  INFO 11100 --- [main] org.hibernate.cfg.Environment            : HHH000206: hibernate.properties not found
2021-11-11 14:45:47.270  INFO 11100 --- [main] o.hibernate.annotations.common.Version   : HCANN000001: Hibernate Commons Annotations {5.0.4.Final}
2021-11-11 14:45:47.759  INFO 11100 --- [main] org.hibernate.dialect.Dialect            : HHH000400: Using dialect: org.hibernate.dialect.MySQL5Dialect
2021-11-11 14:45:49.444  INFO 11100 --- [main] j.LocalContainerEntityManagerFactoryBean : Initialized JPA EntityManagerFactory for persistence unit 'default'
2021-11-11 14:45:51.253  INFO 11100 --- [main] o.h.h.i.QueryTranslatorFactoryInitiator  : HHH000397: Using ASTQueryTranslatorFactory
2021-11-11 14:45:56.037  INFO 11100 --- [main] o.s.s.concurrent.ThreadPoolTaskExecutor  : Initializing ExecutorService 'applicationTaskExecutor'
2021-11-11 14:45:56.224  WARN 11100 --- [main] aWebConfiguration$JpaWebMvcConfiguration : spring.jpa.open-in-view is enabled by default. Therefore, database queries may be performed during view rendering. Explicitly configure spring.jpa.open-in-view to disable this warning
2021-11-11 14:45:57.529  INFO 11100 --- [main] t.e.spring.EntrepriseServiceImplTest     : Started EntrepriseServiceImplTest in 15.804 seconds (JVM running for 17.482)
2021-11-11 14:45:57.766  INFO 11100 --- [main] tn.esprit.spring.config.LoggingAspect    : In method ajouterDepartement : 
2021-11-11 14:45:57.976  INFO 11100 --- [main] tn.esprit.spring.config.LoggingAspect    : Method execution time: 221 milliseconds.
2021-11-11 14:45:57.977  INFO 11100 --- [main] tn.esprit.spring.config.LoggingAspect    : Out of method  :ajouterDepartement
2021-11-11 14:45:58.046  INFO 11100 --- [main] t.e.spring.EntrepriseServiceImplTest     : Departement added successfully!
2021-11-11 14:45:58.048  INFO 11100 --- [main] tn.esprit.spring.config.LoggingAspect    : In method deleteDepartementById : 
2021-11-11 14:45:58.058  INFO 11100 --- [main] tn.esprit.spring.config.LoggingAspect    : Method execution time: 10 milliseconds.
2021-11-11 14:45:58.059  INFO 11100 --- [main] tn.esprit.spring.config.LoggingAspect    : Out of method  :deleteDepartementById
2021-11-11 14:45:58.101  INFO 11100 --- [main] tn.esprit.spring.config.LoggingAspect    : In method ajouterEntreprise : 
2021-11-11 14:45:58.127  INFO 11100 --- [main] tn.esprit.spring.config.LoggingAspect    : Method execution time: 26 milliseconds.
2021-11-11 14:45:58.127  INFO 11100 --- [main] tn.esprit.spring.config.LoggingAspect    : Out of method  :ajouterEntreprise
2021-11-11 14:45:58.127  INFO 11100 --- [main] tn.esprit.spring.config.LoggingAspect    : In method ajouterDepartement : 
2021-11-11 14:45:58.133  INFO 11100 --- [main] tn.esprit.spring.config.LoggingAspect    : Method execution time: 6 milliseconds.
2021-11-11 14:45:58.133  INFO 11100 --- [main] tn.esprit.spring.config.LoggingAspect    : Out of method  :ajouterDepartement
2021-11-11 14:45:58.133  INFO 11100 --- [main] tn.esprit.spring.config.LoggingAspect    : In method ajouterDepartement : 
2021-11-11 14:45:58.137  INFO 11100 --- [main] tn.esprit.spring.config.LoggingAspect    : Method execution time: 4 milliseconds.
2021-11-11 14:45:58.138  INFO 11100 --- [main] tn.esprit.spring.config.LoggingAspect    : Out of method  :ajouterDepartement
2021-11-11 14:45:58.138  INFO 11100 --- [main] tn.esprit.spring.config.LoggingAspect    : In method affecterDepartementAEntreprise : 
2021-11-11 14:45:58.175  INFO 11100 --- [main] tn.esprit.spring.config.LoggingAspect    : Method execution time: 37 milliseconds.
2021-11-11 14:45:58.176  INFO 11100 --- [main] tn.esprit.spring.config.LoggingAspect    : Out of method  :affecterDepartementAEntreprise
2021-11-11 14:45:58.176  INFO 11100 --- [main] tn.esprit.spring.config.LoggingAspect    : In method affecterDepartementAEntreprise : 
2021-11-11 14:45:58.199  INFO 11100 --- [main] tn.esprit.spring.config.LoggingAspect    : Method execution time: 23 milliseconds.
2021-11-11 14:45:58.199  INFO 11100 --- [main] tn.esprit.spring.config.LoggingAspect    : Out of method  :affecterDepartementAEntreprise
2021-11-11 14:45:58.200  INFO 11100 --- [main] tn.esprit.spring.config.LoggingAspect    : In method getAllDepartementsNamesByEntreprise : 
2021-11-11 14:45:58.208  INFO 11100 --- [main] tn.esprit.spring.config.LoggingAspect    : Method execution time: 9 milliseconds.
2021-11-11 14:45:58.209  INFO 11100 --- [main] tn.esprit.spring.config.LoggingAspect    : Out of method  :getAllDepartementsNamesByEntreprise
2021-11-11 14:45:58.420  INFO 11100 --- [main] tn.esprit.spring.config.LoggingAspect    : In method deleteDepartementById : 
2021-11-11 14:45:58.432  INFO 11100 --- [main] tn.esprit.spring.config.LoggingAspect    : Method execution time: 12 milliseconds.
2021-11-11 14:45:58.432  INFO 11100 --- [main] tn.esprit.spring.config.LoggingAspect    : Out of method  :deleteDepartementById
2021-11-11 14:45:58.437  INFO 11100 --- [main] tn.esprit.spring.config.LoggingAspect    : In method deleteDepartementById : 
2021-11-11 14:45:58.445  INFO 11100 --- [main] tn.esprit.spring.config.LoggingAspect    : Method execution time: 8 milliseconds.
2021-11-11 14:45:58.445  INFO 11100 --- [main] tn.esprit.spring.config.LoggingAspect    : Out of method  :deleteDepartementById
2021-11-11 14:45:58.448  INFO 11100 --- [main] tn.esprit.spring.config.LoggingAspect    : In method deleteEntrepriseById : 
2021-11-11 14:45:58.455  INFO 11100 --- [main] tn.esprit.spring.config.LoggingAspect    : Method execution time: 7 milliseconds.
2021-11-11 14:45:58.456  INFO 11100 --- [main] tn.esprit.spring.config.LoggingAspect    : Out of method  :deleteEntrepriseById
2021-11-11 14:45:58.468  INFO 11100 --- [main] tn.esprit.spring.config.LoggingAspect    : In method ajouterEntreprise : 
2021-11-11 14:45:58.479  INFO 11100 --- [main] tn.esprit.spring.config.LoggingAspect    : Method execution time: 11 milliseconds.
2021-11-11 14:45:58.480  INFO 11100 --- [main] tn.esprit.spring.config.LoggingAspect    : Out of method  :ajouterEntreprise
2021-11-11 14:45:58.487  INFO 11100 --- [main] tn.esprit.spring.config.LoggingAspect    : In method deleteEntrepriseById : 
2021-11-11 14:45:58.491  INFO 11100 --- [main] tn.esprit.spring.config.LoggingAspect    : Method execution time: 4 milliseconds.
2021-11-11 14:45:58.491  INFO 11100 --- [main] tn.esprit.spring.config.LoggingAspect    : Out of method  :deleteEntrepriseById
2021-11-11 14:45:58.503  INFO 11100 --- [main] tn.esprit.spring.config.LoggingAspect    : In method ajouterEntreprise : 
2021-11-11 14:45:58.507  INFO 11100 --- [main] tn.esprit.spring.config.LoggingAspect    : Method execution time: 4 milliseconds.
2021-11-11 14:45:58.508  INFO 11100 --- [main] tn.esprit.spring.config.LoggingAspect    : Out of method  :ajouterEntreprise
2021-11-11 14:45:58.509  INFO 11100 --- [main] tn.esprit.spring.config.LoggingAspect    : In method getEntrepriseById : 
2021-11-11 14:45:58.517  INFO 11100 --- [main] tn.esprit.spring.config.LoggingAspect    : Method execution time: 8 milliseconds.
2021-11-11 14:45:58.518  INFO 11100 --- [main] tn.esprit.spring.config.LoggingAspect    : Out of method  :getEntrepriseById
2021-11-11 14:45:58.518  INFO 11100 --- [main] t.e.spring.EntrepriseServiceImplTest     : Entreprise  geted successfully!
2021-11-11 14:45:58.522  INFO 11100 --- [main] tn.esprit.spring.config.LoggingAspect    : In method deleteEntrepriseById : 
2021-11-11 14:45:58.528  INFO 11100 --- [main] tn.esprit.spring.config.LoggingAspect    : Method execution time: 7 milliseconds.
2021-11-11 14:45:58.529  INFO 11100 --- [main] tn.esprit.spring.config.LoggingAspect    : Out of method  :deleteEntrepriseById
2021-11-11 14:45:58.540  INFO 11100 --- [main] tn.esprit.spring.config.LoggingAspect    : In method ajouterEntreprise : 
2021-11-11 14:45:58.546  INFO 11100 --- [main] tn.esprit.spring.config.LoggingAspect    : Method execution time: 6 milliseconds.
2021-11-11 14:45:58.546  INFO 11100 --- [main] tn.esprit.spring.config.LoggingAspect    : Out of method  :ajouterEntreprise
2021-11-11 14:45:58.547  INFO 11100 --- [main] tn.esprit.spring.config.LoggingAspect    : In method ajouterDepartement : 
2021-11-11 14:45:58.550  INFO 11100 --- [main] tn.esprit.spring.config.LoggingAspect    : Method execution time: 4 milliseconds.
2021-11-11 14:45:58.550  INFO 11100 --- [main] tn.esprit.spring.config.LoggingAspect    : Out of method  :ajouterDepartement
2021-11-11 14:45:58.550  INFO 11100 --- [main] t.e.spring.EntrepriseServiceImplTest     : Departement added successfully to Entreprise 
2021-11-11 14:45:58.551  INFO 11100 --- [main] tn.esprit.spring.config.LoggingAspect    : In method affecterDepartementAEntreprise : 
2021-11-11 14:45:58.571  INFO 11100 --- [main] tn.esprit.spring.config.LoggingAspect    : Method execution time: 20 milliseconds.
2021-11-11 14:45:58.571  INFO 11100 --- [main] tn.esprit.spring.config.LoggingAspect    : Out of method  :affecterDepartementAEntreprise
2021-11-11 14:45:58.572  INFO 11100 --- [main] tn.esprit.spring.config.LoggingAspect    : In method getAllDepartementsNamesByEntreprise : 
2021-11-11 14:45:58.577  INFO 11100 --- [main] tn.esprit.spring.config.LoggingAspect    : Method execution time: 5 milliseconds.
2021-11-11 14:45:58.577  INFO 11100 --- [main] tn.esprit.spring.config.LoggingAspect    : Out of method  :getAllDepartementsNamesByEntreprise
2021-11-11 14:45:58.578  INFO 11100 --- [main] tn.esprit.spring.config.LoggingAspect    : In method deleteDepartementById : 
2021-11-11 14:45:58.583  INFO 11100 --- [main] tn.esprit.spring.config.LoggingAspect    : Method execution time: 5 milliseconds.
2021-11-11 14:45:58.583  INFO 11100 --- [main] tn.esprit.spring.config.LoggingAspect    : Out of method  :deleteDepartementById
2021-11-11 14:45:58.586  INFO 11100 --- [main] tn.esprit.spring.config.LoggingAspect    : In method deleteEntrepriseById : 
2021-11-11 14:45:58.593  INFO 11100 --- [main] tn.esprit.spring.config.LoggingAspect    : Method execution time: 7 milliseconds.
2021-11-11 14:45:58.593  INFO 11100 --- [main] tn.esprit.spring.config.LoggingAspect    : Out of method  :deleteEntrepriseById
2021-11-11 14:45:58.605  INFO 11100 --- [main] tn.esprit.spring.config.LoggingAspect    : In method ajouterDepartement : 
2021-11-11 14:45:58.617  INFO 11100 --- [main] tn.esprit.spring.config.LoggingAspect    : Method execution time: 12 milliseconds.
2021-11-11 14:45:58.617  INFO 11100 --- [main] tn.esprit.spring.config.LoggingAspect    : Out of method  :ajouterDepartement
2021-11-11 14:45:58.628  INFO 11100 --- [main] tn.esprit.spring.config.LoggingAspect    : In method deleteDepartementById : 
2021-11-11 14:45:58.635  INFO 11100 --- [main] tn.esprit.spring.config.LoggingAspect    : Method execution time: 7 milliseconds.
2021-11-11 14:45:58.636  INFO 11100 --- [main] tn.esprit.spring.config.LoggingAspect    : Out of method  :deleteDepartementById
2021-11-11 14:45:58.658  INFO 11100 --- [main] tn.esprit.spring.config.LoggingAspect    : In method ajouterEntreprise : 
2021-11-11 14:45:58.666  INFO 11100 --- [main] tn.esprit.spring.config.LoggingAspect    : Method execution time: 8 milliseconds.
2021-11-11 14:45:58.667  INFO 11100 --- [main] tn.esprit.spring.config.LoggingAspect    : Out of method  :ajouterEntreprise
2021-11-11 14:45:58.678  INFO 11100 --- [main] t.e.spring.EntrepriseServiceImplTest     : Entreprise added successfully!
2021-11-11 14:45:58.679  INFO 11100 --- [main] tn.esprit.spring.config.LoggingAspect    : In method deleteEntrepriseById : 
2021-11-11 14:45:58.681  INFO 11100 --- [main] tn.esprit.spring.config.LoggingAspect    : Method execution time: 2 milliseconds.
2021-11-11 14:45:58.682  INFO 11100 --- [main] tn.esprit.spring.config.LoggingAspect    : Out of method  :deleteEntrepriseById
2021-11-11 14:45:58.726  INFO 11100 --- [Thread-2] o.s.s.concurrent.ThreadPoolTaskExecutor  : Shutting down ExecutorService 'applicationTaskExecutor'
2021-11-11 14:45:58.740  INFO 11100 --- [Thread-2] j.LocalContainerEntityManagerFactoryBean : Closing JPA EntityManagerFactory for persistence unit 'default'
2021-11-11 14:45:58.753  INFO 11100 --- [Thread-2] com.zaxxer.hikari.HikariDataSource       : HikariPool-1 - Shutdown initiated...
2021-11-11 14:45:58.773  INFO 11100 --- [Thread-2] com.zaxxer.hikari.HikariDataSource       : HikariPool-1 - Shutdown completed.
